<?xml version="1.0" encoding="UTF-8"?>
<!-- Generated by org.testng.reporters.JUnitReportReporter -->
<testsuite skipped="0" hostname="awojtowicz" name="ru.stqa.pft.addressbook.test.ContactDeletionTest" tests="1" failures="0" timestamp="08 sie 2018 17:07:59 GMT" time="16.766" errors="0">
  <testcase name="testContactDeletion" time="16.766" classname="ru.stqa.pft.addressbook.test.ContactDeletionTest"/>
</testsuite> <!-- ru.stqa.pft.addressbook.test.ContactDeletionTest -->
