<?xml version="1.0" encoding="UTF-8"?>
<!-- Generated by org.testng.reporters.JUnitReportReporter -->
<testsuite skipped="0" hostname="awojtowicz" name="ru.stqa.pft.addressbook.test.GroupDeletionTest" tests="1" failures="0" timestamp="08 sie 2018 17:07:59 GMT" time="11.221" errors="0">
  <testcase name="testGroupDeletion" time="11.221" classname="ru.stqa.pft.addressbook.test.GroupDeletionTest"/>
</testsuite> <!-- ru.stqa.pft.addressbook.test.GroupDeletionTest -->
